[06-Jun-2026 13:47:11 UTC] PHP Notice:  Function _load_textdomain_just_in_time was called <strong>incorrectly</strong>. Translation loading for the <code>acf</code> domain was triggered too early. This is usually an indicator for some code in the plugin or theme running too early. Translations should be loaded at the <code>init</code> action or later. Please see <a href="https://developer.wordpress.org/advanced-administration/debug/debug-wordpress/">Debugging in WordPress</a> for more information. (This message was added in version 6.7.0.) in /home/d/dogovoty/dogovoty.beget.tech/public_html/wp-includes/functions.php on line 6170
[06-Jun-2026 13:47:11 UTC] PHP Fatal error:  Uncaught TypeError: ltrim(): Argument #1 ($string) must be of type string, array given in /home/d/dogovoty/dogovoty.beget.tech/public_html/wp-content/themes/alergobot-theme/inc/template-functions.php:94
Stack trace:
#0 /home/d/dogovoty/dogovoty.beget.tech/public_html/wp-content/themes/alergobot-theme/inc/template-functions.php(94): ltrim(Array, '/')
#1 /home/d/dogovoty/dogovoty.beget.tech/public_html/wp-content/themes/alergobot-theme/inc/enqueue.php(31): alergobot_get_map_settings()
#2 [internal function]: {closure}('')
#3 /home/d/dogovoty/dogovoty.beget.tech/public_html/wp-includes/class-wp-hook.php(341): call_user_func_array(Object(Closure), Array)
#4 /home/d/dogovoty/dogovoty.beget.tech/public_html/wp-includes/class-wp-hook.php(365): WP_Hook->apply_filters(NULL, Array)
#5 /home/d/dogovoty/dogovoty.beget.tech/public_html/wp-includes/plugin.php(522): WP_Hook->do_action(Array)
#6 /home/d/dogovoty/dogovoty.beget.tech/public_html/wp-includes/script-loader.php(2329): do_action('wp_enqueue_scri...')
#7 [internal function]: wp_enqueue_scripts('')
#8 /home/d/dogovoty/dogovoty.beget.tech/public_html/wp-includes/class-wp-hook.php(341): call_user_func_array('wp_enqueue_scri...', Array)
#9 /home/d/dogovoty/dogovoty.beget.tech/public_html/wp-includes/class-wp-hook.php(365): WP_Hook->apply_filters(NULL, Array)
#10 /home/d/dogovoty/dogovoty.beget.tech/public_html/wp-includes/plugin.php(522): WP_Hook->do_action(Array)
#11 /home/d/dogovoty/dogovoty.beget.tech/public_html/wp-includes/general-template.php(3208): do_action('wp_head')
#12 /home/d/dogovoty/dogovoty.beget.tech/public_html/wp-content/themes/alergobot-theme/header.php(27): wp_head()
#13 /home/d/dogovoty/dogovoty.beget.tech/public_html/wp-includes/template.php(814): require_once('/home/d/dogovot...')
#14 /home/d/dogovoty/dogovoty.beget.tech/public_html/wp-includes/template.php(749): load_template('/home/d/dogovot...', true, Array)
#15 /home/d/dogovoty/dogovoty.beget.tech/public_html/wp-includes/general-template.php(48): locate_template(Array, true, true, Array)
#16 /home/d/dogovoty/dogovoty.beget.tech/public_html/wp-content/themes/alergobot-theme/front-page.php(8): get_header()
#17 /home/d/dogovoty/dogovoty.beget.tech/public_html/wp-includes/template-loader.php(132): include('/home/d/dogovot...')
#18 /home/d/dogovoty/dogovoty.beget.tech/public_html/wp-blog-header.php(19): require_once('/home/d/dogovot...')
#19 /home/d/dogovoty/dogovoty.beget.tech/public_html/index.php(17): require('/home/d/dogovot...')
#20 {main}
  thrown in /home/d/dogovoty/dogovoty.beget.tech/public_html/wp-content/themes/alergobot-theme/inc/template-functions.php on line 94
[06-Jun-2026 13:47:11 UTC] PHP Notice:  Function _load_textdomain_just_in_time was called <strong>incorrectly</strong>. Translation loading for the <code>acf</code> domain was triggered too early. This is usually an indicator for some code in the plugin or theme running too early. Translations should be loaded at the <code>init</code> action or later. Please see <a href="https://developer.wordpress.org/advanced-administration/debug/debug-wordpress/">Debugging in WordPress</a> for more information. (This message was added in version 6.7.0.) in /home/d/dogovoty/dogovoty.beget.tech/public_html/wp-includes/functions.php on line 6170
